{
  "RSpec": {
    "coverage": {
      "/home/amy/bbb-demo/spec/features/create_meeting.rb": [
        1,
        null,
        1,
        1,
        1,
        0,
        0,
        0,
        null,
        null
      ],
      "/home/amy/bbb-demo/spec/features/delete_recording.rb": [
        1,
        1,
        null,
        1,
        1,
        1,
        1,
        0,
        0,
        0,
        null,
        null,
        null
      ],
      "/home/amy/bbb-demo/app/helpers/prepare.rb": [
        1,
        1,
        1,
        null,
        1,
        3,
        3,
        0,
        0,
        0,
        0,
        null,
        3,
        3,
        null,
        3,
        3,
        15,
        null,
        3,
        null,
        3,
        3,
        0,
        null,
        3,
        null,
        0,
        0,
        null,
        null,
        3,
        3,
        3,
        null,
        3,
        null,
        3,
        3,
        null
      ],
      "/home/amy/bbb-demo/spec/features/get_recordings.rb": [
        1,
        1,
        null,
        1,
        1,
        1,
        1,
        0,
        0,
        0,
        0,
        0,
        null,
        0,
        0,
        0,
        null,
        0,
        null,
        null,
        null
      ],
      "/home/amy/bbb-demo/app/controllers/application_controller.rb": [
        1,
        null
      ],
      "/home/amy/bbb-demo/app/controllers/pages_controller.rb": [
        1,
        1,
        1,
        1,
        null,
        1,
        1,
        1,
        1,
        1,
        0,
        0,
        0,
        0,
        0,
        0,
        0,
        0,
        null,
        null,
        0,
        null,
        null
      ]
    },
    "timestamp": 1568147992
  }
}
