{
  "RSpec": {
    "coverage": {
      "/home/amy/bbb-demo/spec/features/create_meeting.rb": [
        1,
        null,
        1,
        1,
        1,
        1,
        1,
        0,
        null,
        null
      ],
      "/home/amy/bbb-demo/spec/features/delete_recording.rb": [
        1,
        1,
        null,
        1,
        1,
        1,
        1,
        1,
        1,
        0,
        null,
        null,
        null
      ],
      "/home/amy/bbb-demo/app/helpers/prepare.rb": [
        1,
        1,
        1,
        null,
        1,
        5,
        5,
        0,
        0,
        0,
        0,
        null,
        5,
        5,
        null,
        5,
        5,
        25,
        null,
        5,
        null,
        5,
        5,
        0,
        null,
        5,
        null,
        0,
        0,
        null,
        null,
        5,
        5,
        5,
        null,
        5,
        null,
        0,
        0,
        null
      ],
      "/home/amy/bbb-demo/spec/features/get_recordings.rb": [
        1,
        1,
        null,
        1,
        1,
        1,
        1,
        1,
        0,
        0,
        0,
        0,
        null,
        0,
        0,
        0,
        null,
        1,
        null,
        null,
        null
      ],
      "/home/amy/bbb-demo/app/controllers/application_controller.rb": [
        1,
        null
      ],
      "/home/amy/bbb-demo/app/controllers/pages_controller.rb": [
        1,
        1,
        1,
        1,
        null,
        1,
        1,
        2,
        2,
        2,
        2,
        0,
        0,
        0,
        0,
        0,
        0,
        0,
        null,
        null,
        2,
        null,
        null
      ],
      "/home/amy/bbb-demo/app/controllers/api/room_controller.rb": [
        1,
        1,
        null,
        1,
        1,
        null,
        1,
        1,
        1,
        1,
        1,
        1,
        1,
        1,
        null,
        null,
        1,
        1,
        null,
        null,
        null,
        null,
        null,
        null,
        1,
        1,
        null,
        1,
        null,
        null,
        0,
        0,
        0,
        null,
        null,
        null
      ]
    },
    "timestamp": 1568148380
  }
}
